<?xml version="1.0" encoding="UTF-8"?>
<!-- Generated by org.testng.reporters.JUnitReportReporter -->
<testsuite name="RestAssured.OAuth2" tests="1" time="0.595" ignored="0" failures="0" timestamp="13 Feb 2020 06:02:27 GMT" skipped="0" hostname="DESKTOP-5BRAD5R" errors="0">
  <testcase name="useoauth2" time="0.595" classname="RestAssured.OAuth2"/>
</testsuite> <!-- RestAssured.OAuth2 -->
