<?xml version="1.0" encoding="UTF-8"?>
<!-- Generated by org.testng.reporters.JUnitReportReporter -->
<testsuite name="mvn_prac.APITest" tests="2" time="2.365" ignored="0" failures="0" timestamp="04 Feb 2020 11:16:13 GMT" skipped="0" hostname="DESKTOP-5BRAD5R" errors="0">
  <testcase name="apiBody" time="1.447" classname="mvn_prac.APITest"/>
  <testcase name="apiStatusCheck" time="0.918" classname="mvn_prac.APITest"/>
</testsuite> <!-- mvn_prac.APITest -->
