<?xml version="1.0" encoding="UTF-8"?>
<!-- Generated by org.testng.reporters.JUnitReportReporter -->
<testsuite name="mvn_prac.API_ppdTest" tests="1" time="2.344" ignored="2" failures="0" timestamp="23 Jan 2020 13:01:02 GMT" skipped="0" hostname="DESKTOP-J7TUU6A" errors="0">
  <testcase name="deleteTest" time="2.344" classname="mvn_prac.API_ppdTest"/>
  <testcase name="putTest" classname="mvn_prac.API_ppdTest">
    <skipped/>
  </testcase> <!-- putTest -->
  <testcase name="postTest" classname="mvn_prac.API_ppdTest">
    <skipped/>
  </testcase> <!-- postTest -->
</testsuite> <!-- mvn_prac.API_ppdTest -->
