<?xml version="1.0" encoding="UTF-8"?>
<!-- Generated by org.testng.reporters.JUnitReportReporter -->
<testsuite name="RestAssured.Oauth2Base" tests="1" time="3.379" ignored="0" failures="0" timestamp="12 Feb 2020 11:38:27 GMT" skipped="0" hostname="DESKTOP-5BRAD5R" errors="0">
  <testcase name="generatetokenforoauth2" time="3.379" classname="RestAssured.Oauth2Base"/>
</testsuite> <!-- RestAssured.Oauth2Base -->
