<?xml version="1.0" encoding="UTF-8"?>
<!-- Generated by org.testng.reporters.JUnitReportReporter -->
<testsuite name="RestAssured.preemitiveAuth" tests="1" time="2.888" ignored="0" failures="0" timestamp="06 Feb 2020 12:06:33 GMT" skipped="0" hostname="DESKTOP-5BRAD5R" errors="0">
  <testcase name="testPreemitiveAuth" time="2.888" classname="RestAssured.preemitiveAuth"/>
</testsuite> <!-- RestAssured.preemitiveAuth -->
