<?xml version="1.0" encoding="UTF-8"?>
<!-- Generated by org.testng.reporters.JUnitReportReporter -->
<testsuite name="mvn_prac.SeleniumTest" tests="2" time="0.000" ignored="0" failures="0" timestamp="14 Jan 2020 06:31:01 GMT" skipped="0" hostname="DESKTOP-J7TUU6A" errors="0">
  <testcase name="openBrowser" time="0.000" classname="mvn_prac.SeleniumTest"/>
  <testcase name="invokeBrowser" time="0.000" classname="mvn_prac.SeleniumTest"/>
</testsuite> <!-- mvn_prac.SeleniumTest -->
