<?xml version="1.0" encoding="UTF-8"?>
<!-- Generated by org.testng.reporters.JUnitReportReporter -->
<testsuite name="mvn_prac.APITest" tests="2" time="0.001" ignored="0" failures="0" timestamp="14 Jan 2020 06:46:20 GMT" skipped="0" hostname="DESKTOP-J7TUU6A" errors="0">
  <testcase name="restApicheck" time="0.001" classname="mvn_prac.APITest"/>
  <testcase name="soapApicheck" time="0.000" classname="mvn_prac.APITest"/>
</testsuite> <!-- mvn_prac.APITest -->
